"../../../Engine/Content/Functions/Engine_MaterialFunctions01/Opacity/CameraDepthFade.uasset" 0
"../../../Engine/Content/EngineMaterials/T_Default_Material_Grid_M.uasset" 1
"../../../Engine/Content/EngineMaterials/T_Default_Material_Grid_N.uasset" 2
"../../../Engine/Content/EngineMaterials/WorldGridMaterial.uasset" 3
"../../../Engine/Content/ArtTools/RenderToTexture/Meshes/S_1_Unit_Plane.uasset" 4
"../../../Engine/Content/EngineMaterials/DefaultMaterial.uasset" 5
"../../../Engine/Content/BasicShapes/Cone.uasset" 6
"../../../Engine/Content/BasicShapes/Cylinder.uasset" 7
"../../../Engine/Content/BasicShapes/Plane.uasset" 8
"../../../Engine/Content/EditorLandscapeResources/DataLayer.uasset" 9
"../../../Engine/Content/EditorMaterials/GizmoMaterial.uasset" 10
"../../../Engine/Content/EditorMaterials/MAT_Groups_Toggle.uasset" 11
"../../../Engine/Content/EditorMaterials/MAT_Groups_Visibility.uasset" 12
"../../../Engine/Content/EditorMaterials/PreviewShadowIndicator.uasset" 13
"../../../Engine/Content/EditorMaterials/PreviewShadowIndicatorMaterial.uasset" 14
"../../../Engine/Content/EditorMaterials/MatineeGroups/MAT_ColorTrack.uasset" 15
"../../../Engine/Content/EditorMaterials/MatineeGroups/MAT_Groups_Anim.uasset" 16
"../../../Engine/Content/EditorMaterials/MatineeGroups/MAT_Groups_AudioMaster.uasset" 17
"../../../Engine/Content/EditorMaterials/MatineeGroups/MAT_Groups_Director.uasset" 18
"../../../Engine/Content/EditorMaterials/MatineeGroups/MAT_Groups_Event.uasset" 19
"../../../Engine/Content/EditorMaterials/MatineeGroups/MAT_Groups_Fade.uasset" 20
"../../../Engine/Content/EditorMaterials/MatineeGroups/MAT_Groups_Float.uasset" 21
"../../../Engine/Content/EditorMaterials/MatineeGroups/MAT_Groups_Move.uasset" 22
"../../../Engine/Content/EditorMaterials/MatineeGroups/MAT_Groups_Slomo.uasset" 23
"../../../Engine/Content/EditorMaterials/MatineeGroups/MAT_Groups_Sound.uasset" 24
"../../../Engine/Content/EditorMaterials/MatineeGroups/MAT_Groups_Vector.uasset" 25
"../../../Engine/Content/EditorMaterials/ParticleSystems/PSysThumbnail_NoImage.uasset" 26
"../../../Engine/Content/EditorMaterials/ParticleSystems/PSysThumbnail_OOD.uasset" 27
"../../../Engine/Content/EditorMaterials/Camera/CineMat.uasset" 28
"../../../Engine/Content/EditorMaterials/Camera/MI_CineMat_Rig.uasset" 29
"../../../Engine/Content/EditorMeshes/Camera/SM_CraneRig_Arm.uasset" 30
"../../../Engine/Content/EditorMeshes/Camera/SM_CraneRig_Base.uasset" 31
"../../../Engine/Content/EditorMeshes/Camera/SM_CraneRig_Body.uasset" 32
"../../../Engine/Content/EditorMeshes/Camera/SM_CraneRig_Mount.uasset" 33
"../../../Engine/Content/EditorMeshes/Camera/SM_RailRig_Mount.uasset" 34
"../../../Engine/Content/EditorMeshes/Camera/SM_RailRig_Track.uasset" 35
"../../../Engine/Content/EditorResources/BSPVertex.uasset" 36
"../../../Engine/Content/EditorResources/EmptyActor.uasset" 37
"../../../Engine/Content/EditorResources/S_Actor.uasset" 38
"../../../Engine/Content/EditorResources/S_Trigger.uasset" 39
"../../../Engine/Content/EditorResources/LightIcons/S_LightError.uasset" 40
"../../../Engine/Content/EditorResources/SequenceRecorder/Countdown.uasset" 41
"../../../Engine/Content/EditorResources/SequenceRecorder/RecordingIndicator.uasset" 42
"../../../Engine/Content/EditorSounds/Notifications/CompileFailed.uasset" 43
"../../../Engine/Content/EditorSounds/Notifications/CompileFailed_Cue.uasset" 44
"../../../Engine/Content/EditorSounds/Notifications/CompileSuccess.uasset" 45
"../../../Engine/Content/EditorSounds/Notifications/CompileStart_Cue.uasset" 46
"../../../Engine/Content/EditorSounds/Notifications/CompileSuccess_Cue.uasset" 47
"../../../Engine/Content/EngineDamageTypes/DmgTypeBP_Environmental.uasset" 48
"../../../Engine/Content/EngineDebugMaterials/HeatmapGradient.uasset" 49
"../../../Engine/Content/EngineDebugMaterials/BoneWeightMaterial.uasset" 50
"../../../Engine/Content/EngineDebugMaterials/ClothMaterial.uasset" 51
"../../../Engine/Content/EngineDebugMaterials/ClothMaterial_WF.uasset" 52
"../../../Engine/Content/EngineDebugMaterials/DebugEditorMaterial.uasset" 53
"../../../Engine/Content/EngineDebugMaterials/DebugMeshMaterial.uasset" 54
"../../../Engine/Content/EngineDebugMaterials/GeomMaterial.uasset" 55
"../../../Engine/Content/EngineDebugMaterials/M_SimpleTranslucent.uasset" 56
"../../../Engine/Content/EngineFonts/Faces/RobotoBold.uasset" 57
"../../../Engine/Content/EngineFonts/Faces/RobotoBoldItalic.uasset" 58
"../../../Engine/Content/EngineFonts/Faces/RobotoItalic.uasset" 59
"../../../Engine/Content/EngineFonts/Faces/RobotoLight.uasset" 60
"../../../Engine/Content/EngineFonts/Faces/RobotoRegular.uasset" 61
"../../../Engine/Content/EngineFonts/Roboto.uasset" 62
"../../../Engine/Content/EngineFonts/Faces/RobotoTiny.uasset" 63
"../../../Engine/Content/EngineFonts/RobotoTiny.uasset" 64
"../../../Engine/Content/EngineMaterials/BaseFlattenDiffuseMap.uasset" 65
"../../../Engine/Content/EngineMaterials/BaseFlattenEmissiveMap.uasset" 66
"../../../Engine/Content/EngineMaterials/BaseFlattenGrayscaleMap.uasset" 67
"../../../Engine/Content/EngineMaterials/BaseFlattenNormalMap.uasset" 68
"../../../Engine/Content/EngineMaterials/BaseFlattenMaterial.uasset" 69
"../../../Engine/Content/EngineMaterials/DefaultBloomKernel.uasset" 70
"../../../Engine/Content/EngineMaterials/DefaultBokeh.uasset" 71
"../../../Engine/Content/EngineMaterials/DefaultDiffuse.uasset" 72
"../../../Engine/Content/EngineMaterials/DefaultDeferredDecalMaterial.uasset" 73
"../../../Engine/Content/EngineMaterials/DefaultLightFunctionMaterial.uasset" 74
"../../../Engine/Content/EngineMaterials/DefaultPhysicalMaterial.uasset" 75
"../../../Engine/Content/Functions/Engine_MaterialFunctions02/Utility/BreakOutFloat2Components.uasset" 76
"../../../Engine/Content/EngineMaterials/DefaultPostProcessMaterial.uasset" 77
"../../../Engine/Content/EngineFonts/RobotoDistanceField.uasset" 78
"../../../Engine/Content/EngineMaterials/DefaultTextMaterialOpaque.uasset" 79
"../../../Engine/Content/EngineMaterials/DefaultWhiteGrid.uasset" 80
"../../../Engine/Content/EngineMaterials/EditorBrushMaterial.uasset" 81
"../../../Engine/Content/EngineMaterials/Good64x64TilingNoiseHighFreq.uasset" 82
"../../../Engine/Content/EngineMaterials/MiniFont.uasset" 83
"../../../Engine/Content/EngineMaterials/InvalidLightmapSettings.uasset" 84
"../../../Engine/Content/EngineMaterials/M_InvalidLightmapSettings.uasset" 85
"../../../Engine/Content/Functions/Engine_MaterialFunctions02/WorldPositionOffset/CameraOffset.uasset" 86
"../../../Engine/Content/EngineMaterials/PhAT_JointLimitMaterial.uasset" 87
"../../../Engine/Content/EngineMaterials/PreintegratedSkinBRDF.uasset" 88
"../../../Engine/Content/EngineMaterials/RemoveSurfaceMaterial.uasset" 89
"../../../Engine/Content/EngineMaterials/WeightMapPlaceholderTexture.uasset" 90
"../../../Engine/Content/EngineResources/WhiteSquareTexture.uasset" 91
"../../../Engine/Content/EngineMaterials/Widget3DPassThrough.uasset" 92
"../../../Engine/Content/EngineMaterials/Widget3DPassThrough_Masked.uasset" 93
"../../../Engine/Content/EngineMaterials/Widget3DPassThrough_Opaque.uasset" 94
"../../../Engine/Content/EngineMaterials/Widget3DPassThrough_Masked_OneSided.uasset" 95
"../../../Engine/Content/EngineMaterials/Widget3DPassThrough_Opaque_OneSided.uasset" 96
"../../../Engine/Content/EngineMaterials/Widget3DPassThrough_Translucent.uasset" 97
"../../../Engine/Content/EngineMaterials/Widget3DPassThrough_Translucent_OneSided.uasset" 98
"../../../Engine/Content/EngineMeshes/Cylinder.uasset" 99
"../../../Engine/Content/EngineMeshes/Sphere.uasset" 100
"../../../Engine/Content/EngineResources/Black.uasset" 101
"../../../Engine/Content/EngineResources/DefaultTexture.uasset" 102
"../../../Engine/Content/EngineResources/DefaultTextureCube.uasset" 103
"../../../Engine/Content/EngineResources/DefaultVolumeTexture2D.uasset" 104
"../../../Engine/Content/EngineResources/DefaultVolumeTexture.uasset" 105
"../../../Engine/Content/EngineResources/GradientTexture0.uasset" 106
"../../../Engine/Content/EngineSounds/Master.uasset" 107
"../../../Engine/Content/Functions/Engine_MaterialFunctions01/Shading/ConvertFromDiffSpec.uasset" 108
"../../../Engine/Content/Functions/Engine_MaterialFunctions01/Shading/PowerToRoughness.uasset" 109
"../../../Engine/Content/Maps/Templates/Thumbnails/Default.uasset" 110
"../../../Engine/Content/Maps/Templates/Thumbnails/VR-Basic.uasset" 111
"../../../Engine/Content/MobileResources/T_MobileControls_texture.uasset" 112
"../../../Engine/Content/MobileResources/T_MobileMenu2.uasset" 113
"../../../Engine/Content/MobileResources/HUD/AnalogHat.uasset" 114
"../../../Engine/Content/MobileResources/HUD/VirtualJoystick_Background.uasset" 115
"../../../Engine/Content/MobileResources/HUD/VirtualJoystick_Thumb.uasset" 116
"../../../Engine/Content/MobileResources/HUD/DefaultVirtualJoysticks.uasset" 117
"../../../Engine/Content/MobileResources/HUD/LeftVirtualJoystickOnly.uasset" 118
"../../../Engine/Content/MobileResources/HUD/MobileHUDButton1_off.uasset" 119
"../../../Engine/Content/MobileResources/HUD/MobileHUDButton1_on.uasset" 120
"../../../Engine/Content/MobileResources/HUD/MobileHUDButton2_off.uasset" 121
"../../../Engine/Content/MobileResources/HUD/MobileHUDButton2_on.uasset" 122
"../../../Engine/Content/MobileResources/HUD/MobileHUDButton3.uasset" 123
"../../../Engine/Content/MobileResources/HUD/MobileHUDButtonFire.uasset" 124
"../../../Engine/Content/MobileResources/HUD/MobileHUDDirectionPad.uasset" 125
"../../../Engine/Content/MobileResources/HUD/MobileHUDDirectionPad2.uasset" 126
"../../../Engine/Content/MobileResources/HUD/MobileHUDDirectionPad3.uasset" 127
"../../../Engine/Content/MobileResources/HUD/MobileHUDDirectionStick.uasset" 128
"../../../Engine/Content/MobileResources/HUD/T_Castle_ThumbstickInner.uasset" 129
"../../../Engine/Content/MobileResources/HUD/T_Castle_ThumbstickOutter.uasset" 130
"../../../Engine/Content/Tutorial/ContentIntroCurve.uasset" 131
"../../../Engine/Content/Tutorial/BlueprintTutorials/TutorialAssets/Blueprint_64x.uasset" 132
"../../../Engine/Content/VREditor/LaserPointer/VR_LaserPower_01.uasset" 133
"../../../Engine/Content/VREditor/TransformGizmo/TransformGizmoMaterial.uasset" 134
"../../../Engine/Content/VREditor/TransformGizmo/TranslucentTransformGizmoMaterial.uasset" 135
"../../../Engine/Content/VREditor/TransformGizmo/BoundingBoxCorner.uasset" 136
"../../../Engine/Content/VREditor/TransformGizmo/BoundingBoxEdge.uasset" 137
"../../../Engine/Content/VREditor/TransformGizmo/PlaneTranslationHandle.uasset" 138
"../../../Engine/Content/VREditor/TransformGizmo/Main.uasset" 139
"../../../Engine/Content/VREditor/TransformGizmo/Xray.uasset" 140
"../../../Engine/Content/VREditor/TransformGizmo/SM_Sequencer_Key.uasset" 141
"../../../Engine/Content/VREditor/TransformGizmo/SM_Sequencer_Node.uasset" 142
"../../Plugins/2D/Paper2D/Content/PlaceholderTextures/DummySpriteTexture.uasset" 143
"../../Plugins/2D/Paper2D/Content/DummySprite.uasset" 144
"../../Plugins/2D/Paper2D/Content/DefaultPaperTerrainMaterial.uasset" 145
"../../Plugins/2D/Paper2D/Content/DefaultSpriteMaterial.uasset" 146
"../../Plugins/2D/Paper2D/Content/MaskedUnlitSpriteMaterial.uasset" 147
"../../Plugins/2D/Paper2D/Content/OpaqueUnlitSpriteMaterial.uasset" 148
"../../Plugins/Runtime/Oculus/OculusVR/Content/Materials/PokeAHoleMaterial.uasset" 149
"../../Plugins/Runtime/Oculus/OculusVR/Content/Textures/GearVRController_AO.uasset" 150
"../../Plugins/Runtime/Oculus/OculusVR/Content/Textures/GearVRController_Color.uasset" 151
"../../Plugins/Runtime/Oculus/OculusVR/Content/Textures/GearVRController_Normal.uasset" 152
"../../Plugins/Runtime/Oculus/OculusVR/Content/Materials/GearVRControllerMaterial.uasset" 153
"../../Plugins/Runtime/Oculus/OculusVR/Content/Meshes/GearVrController.uasset" 154
"../../Plugins/Runtime/Oculus/OculusVR/Content/Textures/touchController_albedo.uasset" 155
"../../Plugins/Runtime/Oculus/OculusVR/Content/Textures/touchController_controlmap.uasset" 156
"../../Plugins/Runtime/Oculus/OculusVR/Content/Materials/touchController_mat.uasset" 157
"../../Plugins/Runtime/Oculus/OculusVR/Content/Meshes/LeftTouchController.uasset" 158
"../../Plugins/Runtime/Oculus/OculusVR/Content/Meshes/RiftHMD.uasset" 159
"../../Plugins/Runtime/Oculus/OculusVR/Content/Meshes/RightTouchController.uasset" 160
"../../../Engine/Content/Functions/Engine_MaterialFunctions02/Utility/BlendAngleCorrectedNormals.uasset" 161
"D:/Pulpit/Trynda_A_BallRunner/Content/StarterContent/Textures/T_Detail_Rocky_N.uasset" 162
"D:/Pulpit/Trynda_A_BallRunner/Content/StarterContent/Textures/T_Rock_Basalt_D.uasset" 163
"D:/Pulpit/Trynda_A_BallRunner/Content/StarterContent/Textures/T_RockMesh_M.uasset" 164
"D:/Pulpit/Trynda_A_BallRunner/Content/StarterContent/Textures/T_RockMesh_N.uasset" 165
"D:/Pulpit/Trynda_A_BallRunner/Content/StarterContent/Props/Materials/M_Rock.uasset" 166
"../../../Engine/Content/BasicShapes/Sphere.uasset" 167
"D:/Pulpit/Trynda_A_BallRunner/Content/Blueprints/Actors/Projectiles/BP_cannonball.uasset" 168
"D:/Pulpit/Trynda_A_BallRunner/Content/StarterContent/Textures/T_MacroVariation.uasset" 169
"D:/Pulpit/Trynda_A_BallRunner/Content/StarterContent/Textures/T_Metal_Copper_D.uasset" 170
"D:/Pulpit/Trynda_A_BallRunner/Content/StarterContent/Textures/T_Metal_Gold_N.uasset" 171
"D:/Pulpit/Trynda_A_BallRunner/Content/StarterContent/Materials/M_Metal_Copper.uasset" 172
"D:/Pulpit/Trynda_A_BallRunner/Content/Meshes/Cannon.uasset" 173
"D:/Pulpit/Trynda_A_BallRunner/Content/Meshes/Cannon_Base.uasset" 174
"D:/Pulpit/Trynda_A_BallRunner/Content/Blueprints/Actors/BP_Cannon.uasset" 175
"D:/Pulpit/Trynda_A_BallRunner/Content/StarterContent/Textures/T_Perlin_Noise_M.uasset" 176
"D:/Pulpit/Trynda_A_BallRunner/Content/StarterContent/Textures/T_Water_N.uasset" 177
"D:/Pulpit/Trynda_A_BallRunner/Content/Blueprints/Materials/M_Acid.uasset" 178
"D:/Pulpit/Trynda_A_BallRunner/Content/Blueprints/Materials/M_Acid_Inst.uasset" 179
"D:/Pulpit/Trynda_A_BallRunner/Content/StarterContent/Materials/M_AssetPlatform.uasset" 180
"D:/Pulpit/Trynda_A_BallRunner/Content/StarterContent/Architecture/SM_AssetPlatform.uasset" 181
"D:/Pulpit/Trynda_A_BallRunner/Content/Blueprints/Actors/BP_DamageAcid.uasset" 182
"D:/Pulpit/Trynda_A_BallRunner/Content/Blueprints/Actors/BP_Light.uasset" 183
"D:/Pulpit/Trynda_A_BallRunner/Content/Blueprints/Libraries/ML_Actors.uasset" 184
"D:/Pulpit/Trynda_A_BallRunner/Content/Blueprints/Materials/M_Crystal.uasset" 185
"D:/Pulpit/Trynda_A_BallRunner/Content/Blueprints/Materials/M_Crystal_Inst.uasset" 186
"D:/Pulpit/Trynda_A_BallRunner/Content/StarterContent/Materials/M_Basic_Wall.uasset" 187
"D:/Pulpit/Trynda_A_BallRunner/Content/StarterContent/Shapes/Shape_TriPyramid.uasset" 188
"D:/Pulpit/Trynda_A_BallRunner/Content/Blueprints/Actors/Collectables/BP_Crystal.uasset" 189
"D:/Pulpit/Trynda_A_BallRunner/Content/Blueprints/Actors/Volumes/BP_ApplyDamageTrigger.uasset" 190
"D:/Pulpit/Trynda_A_BallRunner/Content/StarterContent/Shapes/Shape_Cylinder.uasset" 191
"D:/Pulpit/Trynda_A_BallRunner/Content/Blueprints/Actors/Volumes/BP_Cofanie.uasset" 192
"D:/Pulpit/Trynda_A_BallRunner/Content/Blueprints/Actors/Volumes/BP_WinVolum.uasset" 193
"D:/Pulpit/Trynda_A_BallRunner/Content/StarterContent/Textures/T_Metal_Rust_D.uasset" 194
"D:/Pulpit/Trynda_A_BallRunner/Content/StarterContent/Textures/T_Metal_Rust_N.uasset" 195
"D:/Pulpit/Trynda_A_BallRunner/Content/StarterContent/Materials/M_Metal_Rust.uasset" 196
"D:/Pulpit/Trynda_A_BallRunner/Content/Blueprints/Pawns/BP_PlayerPawn.uasset" 197
"D:/Pulpit/Trynda_A_BallRunner/Content/Blueprints/GameMode/BP_GameMode.uasset" 198
"D:/Pulpit/Trynda_A_BallRunner/Content/Levels/Level_2_BuiltData.uasset" 199
"D:/Pulpit/Trynda_A_BallRunner/Content/StarterContent/Textures/T_Rock_Basalt_N.uasset" 200
"D:/Pulpit/Trynda_A_BallRunner/Content/StarterContent/Materials/M_Rock_Basalt.uasset" 201
"../../../Engine/Content/Functions/Engine_MaterialFunctions01/Opacity/AlphaOffset.uasset" 202
"D:/Pulpit/Trynda_A_BallRunner/Content/StarterContent/Textures/T_Wood_Floor_Walnut_D.uasset" 203
"D:/Pulpit/Trynda_A_BallRunner/Content/StarterContent/Textures/T_Wood_Floor_Walnut_M.uasset" 204
"D:/Pulpit/Trynda_A_BallRunner/Content/StarterContent/Textures/T_Wood_Floor_Walnut_N.uasset" 205
"D:/Pulpit/Trynda_A_BallRunner/Content/StarterContent/Materials/M_Wood_Floor_Walnut_Worn.uasset" 206
"D:/Pulpit/Trynda_A_BallRunner/Content/StarterContent/Textures/T_Statue_M.uasset" 207
"D:/Pulpit/Trynda_A_BallRunner/Content/StarterContent/Textures/T_Statue_N.uasset" 208
"D:/Pulpit/Trynda_A_BallRunner/Content/StarterContent/Props/Materials/M_StatueGlass.uasset" 209
"../../../Engine/Content/BasicShapes/Cube.uasset" 210
"D:/Pulpit/Trynda_A_BallRunner/Content/Meshes/Shape_Tube2.uasset" 211
"D:/Pulpit/Trynda_A_BallRunner/Content/Meshes/Walls.uasset" 212
"D:/Pulpit/Trynda_A_BallRunner/Content/StarterContent/HDRI/HDRI_Epic_Courtyard_Daylight.uasset" 213
"D:/Pulpit/Trynda_A_BallRunner/Content/Levels/Level_2.umap" 214
"D:/Pulpit/Trynda_A_BallRunner/Content/Levels/MainLevel_BuiltData.uasset" 215
"D:/Pulpit/Trynda_A_BallRunner/Content/Levels/MainLevel.umap" 216
"../../../Engine/Content/Maps/Entry_BuiltData.uasset" 217
"../../../Engine/Content/Maps/Entry.umap" 218
